<?xml version="1.0" encoding="utf-8"?><testsuites name="pytest tests"><testsuite name="pytest" errors="0" failures="0" skipped="1" tests="18" time="3.153" timestamp="2026-06-06T19:01:07.486024+00:00" hostname="agent-env-5dd5afb3-8c1f-4375-8908-0ade9b2f207d"><testcase classname="backend.tests.test_admin_user_org_management" name="test_admin_list_users_returns_all" time="0.515" /><testcase classname="backend.tests.test_admin_user_org_management" name="test_admin_list_users_search" time="0.051" /><testcase classname="backend.tests.test_admin_user_org_management" name="test_admin_list_orgs_returns_all" time="0.056" /><testcase classname="backend.tests.test_admin_user_org_management" name="test_admin_patch_user_persists" time="0.203" /><testcase classname="backend.tests.test_admin_user_org_management" name="test_admin_patch_user_email_conflict" time="0.110" /><testcase classname="backend.tests.test_admin_user_org_management" name="test_admin_patch_user_not_found" time="0.050" /><testcase classname="backend.tests.test_admin_user_org_management" name="test_admin_patch_org_persists" time="0.237" /><testcase classname="backend.tests.test_admin_user_org_management" name="test_admin_patch_org_not_found" time="0.055" /><testcase classname="backend.tests.test_admin_user_org_management" name="test_admin_delete_user_archives_listings" time="0.486" /><testcase classname="backend.tests.test_admin_user_org_management" name="test_admin_delete_self_behavior" time="0.052"><skipped type="pytest.skip" message="Self-delete protection not implemented in backend — flagged in report. Skipping destructive test.">/app/backend/tests/test_admin_user_org_management.py:184: Self-delete protection not implemented in backend — flagged in report. Skipping destructive test.</skipped></testcase><testcase classname="backend.tests.test_admin_user_org_management" name="test_admin_delete_org_cascades" time="0.481" /><testcase classname="backend.tests.test_admin_user_org_management" name="test_admin_delete_user_not_found" time="0.054" /><testcase classname="backend.tests.test_admin_user_org_management" name="test_admin_delete_org_not_found" time="0.047" /><testcase classname="backend.tests.test_admin_user_org_management" name="test_non_admin_forbidden_on_admin_users" time="0.373" /><testcase classname="backend.tests.test_admin_user_org_management" name="test_non_admin_forbidden_on_admin_orgs" time="0.049" /><testcase classname="backend.tests.test_admin_user_org_management" name="test_non_admin_forbidden_patch" time="0.045" /><testcase classname="backend.tests.test_admin_user_org_management" name="test_non_admin_forbidden_delete" time="0.045" /><testcase classname="backend.tests.test_admin_user_org_management" name="test_anonymous_forbidden" time="0.161" /></testsuite></testsuites>