<?xml version="1.0" encoding="utf-8"?><testsuites name="pytest tests"><testsuite name="pytest" errors="0" failures="0" skipped="0" tests="14" time="3.452" timestamp="2026-06-25T15:16:43.403080+00:00" hostname="agent-env-5dd5afb3-8c1f-4375-8908-0ade9b2f207d"><testcase classname="backend.tests.test_catalogus_search.TestDefaultListings" name="test_no_q_no_filter_returns_isSearch_false_sorted_by_createdAt" time="0.126" /><testcase classname="backend.tests.test_catalogus_search.TestDefaultListings" name="test_filter_in_magazijn_returns_isSearch_false_filtered" time="0.053" /><testcase classname="backend.tests.test_catalogus_search.TestBilingualSearch" name="test_q_hout_returns_isSearch_true_with_results" time="0.051" /><testcase classname="backend.tests.test_catalogus_search.TestBilingualSearch" name="test_q_bois_returns_same_dutch_wood_listings" time="0.050" /><testcase classname="backend.tests.test_catalogus_search.TestBilingualSearch" name="test_q_stoel_vs_chaise_bilingual_symmetry" time="0.099" /><testcase classname="backend.tests.test_catalogus_search.TestBilingualSearch" name="test_q_nonsense_returns_zero_total" time="0.052" /><testcase classname="backend.tests.test_catalogus_search.TestSearchKeywordsStripping" name="test_no_searchKeywords_in_list_response_default" time="0.049" /><testcase classname="backend.tests.test_catalogus_search.TestSearchKeywordsStripping" name="test_no_searchKeywords_in_search_response" time="0.050" /><testcase classname="backend.tests.test_catalogus_search.TestSearchKeywordsStripping" name="test_no_searchKeywords_for_admin" time="0.327" /><testcase classname="backend.tests.test_catalogus_search.TestSearchKeywordsStripping" name="test_no_searchKeywords_in_detail" time="0.106" /><testcase classname="backend.tests.test_catalogus_search.TestCreateListingEnrichment" name="test_create_listing_is_searchable_bilingually" time="2.247" /><testcase classname="backend.tests.test_catalogus_search.TestRegression" name="test_auth_me_with_admin_session" time="0.078" /><testcase classname="backend.tests.test_catalogus_search.TestRegression" name="test_news_endpoint" time="0.048" /><testcase classname="backend.tests.test_catalogus_search.TestRegression" name="test_organisations_endpoint" time="0.048" /></testsuite></testsuites>