<?xml version="1.0" encoding="utf-8"?><testsuites name="pytest tests"><testsuite name="pytest" errors="0" failures="0" skipped="0" tests="15" time="2.401" timestamp="2026-06-06T21:16:15.873107+00:00" hostname="agent-env-5dd5afb3-8c1f-4375-8908-0ade9b2f207d"><testcase classname="backend.tests.test_checkin.TestCheckinAuth" name="test_anonymous_401" time="0.280" /><testcase classname="backend.tests.test_checkin.TestCheckinAuth" name="test_non_admin_user_403" time="0.787" /><testcase classname="backend.tests.test_checkin.TestCheckinAuth" name="test_donateur_403" time="0.382" /><testcase classname="backend.tests.test_checkin.TestCheckinHappy" name="test_create_multiple_items_with_optional_desc" time="0.059" /><testcase classname="backend.tests.test_checkin.TestCheckinHappy" name="test_create_single_item_no_description" time="0.053" /><testcase classname="backend.tests.test_checkin.TestCheckinValidation" name="test_invalid_org_404" time="0.054" /><testcase classname="backend.tests.test_checkin.TestCheckinValidation" name="test_empty_items_422" time="0.056" /><testcase classname="backend.tests.test_checkin.TestCheckinValidation" name="test_zero_weight_422" time="0.055" /><testcase classname="backend.tests.test_checkin.TestCheckinValidation" name="test_negative_weight_422" time="0.048" /><testcase classname="backend.tests.test_checkin.TestCheckinValidation" name="test_description_too_long_422" time="0.053" /><testcase classname="backend.tests.test_checkin.TestCheckinValidation" name="test_non_validated_org_404" time="0.112" /><testcase classname="backend.tests.test_checkin.TestCheckinStats" name="test_stats_includes_checkin_fields_and_aggregates" time="0.158" /><testcase classname="backend.tests.test_checkin.TestCheckinStats" name="test_available_periods_includes_checkin_years" time="0.054" /><testcase classname="backend.tests.test_checkin.TestCheckinStats" name="test_year_filter_filters_checkins" time="0.055" /><testcase classname="backend.tests.test_checkin.TestCheckinMongoStorage" name="test_doc_persisted_in_checkins_collection_with_correct_fields" time="0.108" /></testsuite></testsuites>