<?xml version="1.0" encoding="utf-8"?><testsuites name="pytest tests"><testsuite name="pytest" errors="0" failures="2" skipped="0" tests="12" time="2.888" timestamp="2026-06-23T20:15:52.425643+00:00" hostname="agent-env-5dd5afb3-8c1f-4375-8908-0ade9b2f207d"><testcase classname="tests.test_contact_newsletter.TestContact" name="test_contact_valid_submission" time="0.317" /><testcase classname="tests.test_contact_newsletter.TestContact" name="test_contact_invalid_email_422" time="0.099" /><testcase classname="tests.test_contact_newsletter.TestContact" name="test_contact_message_over_1000_chars_422" time="0.106" /><testcase classname="tests.test_contact_newsletter.TestContact" name="test_contact_empty_name_422" time="0.112" /><testcase classname="tests.test_contact_newsletter.TestNewsletter" name="test_newsletter_valid_subscribe" time="0.165" /><testcase classname="tests.test_contact_newsletter.TestNewsletter" name="test_newsletter_idempotent_duplicate" time="0.192" /><testcase classname="tests.test_contact_newsletter.TestNewsletter" name="test_newsletter_invalid_email_422" time="0.138" /><testcase classname="tests.test_contact_newsletter.TestRegression" name="test_login_admin" time="0.349"><failure message="AssertionError: assert 'user' in {'createdAt': '2026-05-26T18:44:44.025099+00:00', 'dateLastLogin': '2026-06-23T06:06:12.123231+00:00', 'email': 'admin@inlimbo.be', 'firstName': 'Samuel', ...}">tests/test_contact_newsletter.py:134: in test_login_admin
    assert "user" in data
E   AssertionError: assert 'user' in {'createdAt': '2026-05-26T18:44:44.025099+00:00', 'dateLastLogin': '2026-06-23T06:06:12.123231+00:00', 'email': 'admin@inlimbo.be', 'firstName': 'Samuel', ...}</failure></testcase><testcase classname="tests.test_contact_newsletter.TestRegression" name="test_organisations_validated" time="0.111" /><testcase classname="tests.test_contact_newsletter.TestRegression" name="test_listings" time="0.121"><failure message="AssertionError: assert False&#10; +  where False = isinstance({'items': [{'id': '9eb4151c-d066-4fd2-9103-9db307415ce0', 'isRecurrent': False, 'limited': True, 'material': 'Steen', ...}, {'id': '5fe3f17c-568e-469c-a2b6-54be5422dfb3', 'isRecurrent': False, 'limited': True, 'material': 'Metaal', ...}, {'id': 'd882ea74-cb4a-414d-b82e-490a69a37a87', 'isRecurrent': True, 'limited': True, 'material': 'Hout', ...}, {'id': '0fe97631-3107-40b2-acfd-9f86e08fffc2', 'isRecurrent': False, 'limited': True, 'material': 'Hout', ...}, {'id': '5818f129-750e-437e-bbad-9d8a7846412d', 'isRecurrent': False, 'limited': True, 'material': 'Hout', ...}, {'id': 'ae33e6f0-015d-42bd-a149-569058e496e7', 'isRecurrent': False, 'limited': True, 'material': 'Hout', ...}, ...], 'limit': 20, 'skip': 0, 'total': 20}, list)&#10; +    where {'items': [{'id': '9eb4151c-d066-4fd2-9103-9db307415ce0', 'isRecurrent': False, 'limited': True, 'material': 'Steen', ...}, {'id': '5fe3f17c-568e-469c-a2b6-54be5422dfb3', 'isRecurrent': False, 'limited': True, 'material': 'Metaal', ...}, {'id': 'd882ea74-cb4a-414d-b82e-490a69a37a87', 'isRecurrent': True, 'limited': True, 'material': 'Hout', ...}, {'id': '0fe97631-3107-40b2-acfd-9f86e08fffc2', 'isRecurrent': False, 'limited': True, 'material': 'Hout', ...}, {'id': '5818f129-750e-437e-bbad-9d8a7846412d', 'isRecurrent': False, 'limited': True, 'material': 'Hout', ...}, {'id': 'ae33e6f0-015d-42bd-a149-569058e496e7', 'isRecurrent': False, 'limited': True, 'material': 'Hout', ...}, ...], 'limit': 20, 'skip': 0, 'total': 20} = json()&#10; +      where json = &lt;Response [200]&gt;.json">tests/test_contact_newsletter.py:145: in test_listings
    assert isinstance(r.json(), list)
E   AssertionError: assert False
E    +  where False = isinstance({'items': [{'id': '9eb4151c-d066-4fd2-9103-9db307415ce0', 'isRecurrent': False, 'limited': True, 'material': 'Steen', ...}, {'id': '5fe3f17c-568e-469c-a2b6-54be5422dfb3', 'isRecurrent': False, 'limited': True, 'material': 'Metaal', ...}, {'id': 'd882ea74-cb4a-414d-b82e-490a69a37a87', 'isRecurrent': True, 'limited': True, 'material': 'Hout', ...}, {'id': '0fe97631-3107-40b2-acfd-9f86e08fffc2', 'isRecurrent': False, 'limited': True, 'material': 'Hout', ...}, {'id': '5818f129-750e-437e-bbad-9d8a7846412d', 'isRecurrent': False, 'limited': True, 'material': 'Hout', ...}, {'id': 'ae33e6f0-015d-42bd-a149-569058e496e7', 'isRecurrent': False, 'limited': True, 'material': 'Hout', ...}, ...], 'limit': 20, 'skip': 0, 'total': 20}, list)
E    +    where {'items': [{'id': '9eb4151c-d066-4fd2-9103-9db307415ce0', 'isRecurrent': False, 'limited': True, 'material': 'Steen', ...}, {'id': '5fe3f17c-568e-469c-a2b6-54be5422dfb3', 'isRecurrent': False, 'limited': True, 'material': 'Metaal', ...}, {'id': 'd882ea74-cb4a-414d-b82e-490a69a37a87', 'isRecurrent': True, 'limited': True, 'material': 'Hout', ...}, {'id': '0fe97631-3107-40b2-acfd-9f86e08fffc2', 'isRecurrent': False, 'limited': True, 'material': 'Hout', ...}, {'id': '5818f129-750e-437e-bbad-9d8a7846412d', 'isRecurrent': False, 'limited': True, 'material': 'Hout', ...}, {'id': 'ae33e6f0-015d-42bd-a149-569058e496e7', 'isRecurrent': False, 'limited': True, 'material': 'Hout', ...}, ...], 'limit': 20, 'skip': 0, 'total': 20} = json()
E    +      where json = &lt;Response [200]&gt;.json</failure></testcase><testcase classname="tests.test_contact_newsletter.TestRateLimit" name="test_contact_rate_limit_attempt" time="0.467" /><testcase classname="tests.test_contact_newsletter.TestRateLimit" name="test_newsletter_rate_limit_attempt" time="0.530" /></testsuite></testsuites>