<?xml version="1.0" encoding="utf-8"?><testsuites name="pytest tests"><testsuite name="pytest" errors="0" failures="0" skipped="0" tests="10" time="2.086" timestamp="2026-06-06T21:52:47.909043+00:00" hostname="agent-env-5dd5afb3-8c1f-4375-8908-0ade9b2f207d"><testcase classname="backend.tests.test_org_report.TestAvailableYears" name="test_anonymous_401" time="0.156" /><testcase classname="backend.tests.test_org_report.TestAvailableYears" name="test_donateur_empty" time="0.407" /><testcase classname="backend.tests.test_org_report.TestAvailableYears" name="test_user_with_org" time="0.385" /><testcase classname="backend.tests.test_org_report.TestReportAuth" name="test_anonymous_401" time="0.113" /><testcase classname="backend.tests.test_org_report.TestReportAuth" name="test_donateur_400" time="0.047" /><testcase classname="backend.tests.test_org_report.TestReportAuth" name="test_missing_year_422" time="0.049" /><testcase classname="backend.tests.test_org_report.TestReportAuth" name="test_invalid_year_422" time="0.051" /><testcase classname="backend.tests.test_org_report.TestReportContent" name="test_nl_pdf_basic" time="0.135" /><testcase classname="backend.tests.test_org_report.TestReportContent" name="test_fr_pdf_translations" time="0.065" /><testcase classname="backend.tests.test_org_report.TestReportAggregation" name="test_aggregation_and_checkin_detail" time="0.547" /></testsuite></testsuites>