<?xml version="1.0" encoding="utf-8"?><testsuites name="pytest tests"><testsuite name="pytest" errors="0" failures="0" skipped="0" tests="12" time="6.252" timestamp="2026-06-26T19:32:32.432428+00:00" hostname="agent-env-5dd5afb3-8c1f-4375-8908-0ade9b2f207d"><testcase classname="backend.tests.test_partner_visibility.TestRegisterNewOrgVisibility" name="test_register_with_false_persists" time="1.313" /><testcase classname="backend.tests.test_partner_visibility.TestRegisterNewOrgVisibility" name="test_register_default_true" time="0.782" /><testcase classname="backend.tests.test_partner_visibility.TestRegisterNewOrgVisibility" name="test_hidden_org_absent_from_partner_list" time="0.111" /><testcase classname="backend.tests.test_partner_visibility.TestRegisterNewOrgVisibility" name="test_visible_org_present_in_partner_list" time="0.101" /><testcase classname="backend.tests.test_partner_visibility.TestRegisterNewOrgVisibility" name="test_profile_page_still_accessible_for_hidden" time="0.144" /><testcase classname="backend.tests.test_partner_visibility.TestRegisterNewOrgVisibility" name="test_search_returns_hidden_org" time="0.248" /><testcase classname="backend.tests.test_partner_visibility.TestPatchVisibility" name="test_member_can_toggle_off_and_on" time="0.640" /><testcase classname="backend.tests.test_partner_visibility.TestPatchVisibility" name="test_non_member_gets_403" time="0.699" /><testcase classname="backend.tests.test_partner_visibility.TestBackwardsCompat" name="test_legacy_orgs_visible_when_field_missing" time="0.107" /><testcase classname="backend.tests.test_partner_visibility.TestRegisterExistingOrgIgnoresField" name="test_existing_org_extra_field_ok" time="0.690" /><testcase classname="backend.tests.test_partner_visibility.TestRegression" name="test_auth_me" time="1.184" /><testcase classname="backend.tests.test_partner_visibility.TestRegression" name="test_catalogus_search_still_works" time="0.143" /></testsuite></testsuites>