<?xml version="1.0" encoding="utf-8"?><testsuites name="pytest tests"><testsuite name="pytest" errors="0" failures="3" skipped="0" tests="13" time="74.360" timestamp="2026-06-10T19:28:13.094680+00:00" hostname="agent-env-5dd5afb3-8c1f-4375-8908-0ade9b2f207d"><testcase classname="tests.test_password_reset_and_ratelimit" name="test_0_indexes_exist" time="0.002" /><testcase classname="tests.test_password_reset_and_ratelimit" name="test_a1_rate_limit_forgot_password" time="0.988"><failure message="AssertionError: Expected 429 on 6th call, got 200: {&quot;ok&quot;:true,&quot;message&quot;:&quot;Als dit e-mailadres bestaat, sturen we een resetlink.&quot;}&#10;assert 200 == 429&#10; +  where 200 = &lt;Response [200]&gt;.status_code">tests/test_password_reset_and_ratelimit.py:75: in test_a1_rate_limit_forgot_password
    assert last.status_code == 429, f"Expected 429 on 6th call, got {last.status_code}: {last.text}"
E   AssertionError: Expected 429 on 6th call, got 200: {"ok":true,"message":"Als dit e-mailadres bestaat, sturen we een resetlink."}
E   assert 200 == 429
E    +  where 200 = &lt;Response [200]&gt;.status_code</failure></testcase><testcase classname="tests.test_password_reset_and_ratelimit" name="test_a2_rate_limit_register_donateur" time="1.341"><failure message="AssertionError: Expected 429 on 11th call, got 409: {&quot;detail&quot;:&quot;Dit e-mailadres is al geregistreerd&quot;}&#10;assert 409 == 429&#10; +  where 409 = &lt;Response [409]&gt;.status_code">tests/test_password_reset_and_ratelimit.py:91: in test_a2_rate_limit_register_donateur
    assert last.status_code == 429, f"Expected 429 on 11th call, got {last.status_code}: {last.text}"
E   AssertionError: Expected 429 on 11th call, got 409: {"detail":"Dit e-mailadres is al geregistreerd"}
E   assert 409 == 429
E    +  where 409 = &lt;Response [409]&gt;.status_code</failure></testcase><testcase classname="tests.test_password_reset_and_ratelimit" name="test_a3_rate_limit_login" time="2.027"><failure message="AssertionError: Expected 429 on 6th call, got 401: {&quot;detail&quot;:&quot;Onjuist e-mailadres of wachtwoord&quot;}&#10;assert 401 == 429&#10; +  where 401 = &lt;Response [401]&gt;.status_code">tests/test_password_reset_and_ratelimit.py:102: in test_a3_rate_limit_login
    assert last.status_code == 429, f"Expected 429 on 6th call, got {last.status_code}: {last.text}"
E   AssertionError: Expected 429 on 6th call, got 401: {"detail":"Onjuist e-mailadres of wachtwoord"}
E   assert 401 == 429
E    +  where 401 = &lt;Response [401]&gt;.status_code</failure></testcase><testcase classname="tests.test_password_reset_and_ratelimit" name="test_b_wait_for_rate_limit_reset" time="65.000" /><testcase classname="tests.test_password_reset_and_ratelimit" name="test_c1_login_normal_regression" time="0.480" /><testcase classname="tests.test_password_reset_and_ratelimit" name="test_c2_forgot_existing_email_creates_token" time="0.314" /><testcase classname="tests.test_password_reset_and_ratelimit" name="test_c3_forgot_nonexistent_email_no_enum" time="0.122" /><testcase classname="tests.test_password_reset_and_ratelimit" name="test_c4_forgot_replaces_old_token" time="0.575" /><testcase classname="tests.test_password_reset_and_ratelimit" name="test_c5_reset_invalid_token" time="0.134" /><testcase classname="tests.test_password_reset_and_ratelimit" name="test_c6_reset_short_password" time="0.210" /><testcase classname="tests.test_password_reset_and_ratelimit" name="test_c7_reset_expired_token" time="0.124" /><testcase classname="tests.test_password_reset_and_ratelimit" name="test_c8_reset_happy_path_and_single_use" time="2.678" /></testsuite></testsuites>