<?xml version="1.0" encoding="utf-8"?><testsuites name="pytest tests"><testsuite name="pytest" errors="0" failures="0" skipped="1" tests="25" time="5.641" timestamp="2026-05-26T18:58:00.358952+00:00" hostname="agent-env-5dd5afb3-8c1f-4375-8908-0ade9b2f207d"><testcase classname="backend.tests.test_inlimbo_api.TestAuth" name="test_login_admin_sets_cookie_and_returns_user" time="0.504" /><testcase classname="backend.tests.test_inlimbo_api.TestAuth" name="test_me_without_cookie_401" time="0.128" /><testcase classname="backend.tests.test_inlimbo_api.TestAuth" name="test_login_wrong_password_401" time="0.331" /><testcase classname="backend.tests.test_inlimbo_api.TestAuth" name="test_register_new_org_creates_pending_user_and_org" time="0.415" /><testcase classname="backend.tests.test_inlimbo_api.TestAuth" name="test_register_existing_org_with_validated_org" time="0.596" /><testcase classname="backend.tests.test_inlimbo_api.TestAuth" name="test_register_existing_org_with_nonvalidated_id_returns_404" time="0.102" /><testcase classname="backend.tests.test_inlimbo_api.TestAuth" name="test_duplicate_email_returns_409" time="0.105" /><testcase classname="backend.tests.test_inlimbo_api.TestAuth" name="test_logout_clears_cookie" time="0.593" /><testcase classname="backend.tests.test_inlimbo_api.TestOrganisations" name="test_search_atelier" time="0.138" /><testcase classname="backend.tests.test_inlimbo_api.TestOrganisations" name="test_search_short_query_returns_empty" time="0.104" /><testcase classname="backend.tests.test_inlimbo_api.TestOrganisations" name="test_list_only_validated_by_default" time="0.134" /><testcase classname="backend.tests.test_inlimbo_api.TestOrganisations" name="test_patch_org_requires_member_or_admin" time="0.568" /><testcase classname="backend.tests.test_inlimbo_api.TestOrganisations" name="test_patch_org_forbidden_for_other_org" time="0.201" /><testcase classname="backend.tests.test_inlimbo_api.TestListings" name="test_listings_visitor_limited" time="0.106" /><testcase classname="backend.tests.test_inlimbo_api.TestListings" name="test_listings_validated_full" time="0.051" /><testcase classname="backend.tests.test_inlimbo_api.TestListings" name="test_listing_detail_recurrent_has_offerer_email_for_validated" time="0.118" /><testcase classname="backend.tests.test_inlimbo_api.TestListings" name="test_post_listing_validated_succeeds" time="0.051" /><testcase classname="backend.tests.test_inlimbo_api.TestListings" name="test_post_listing_pending_forbidden" time="0.375" /><testcase classname="backend.tests.test_inlimbo_api.TestCloudinary" name="test_signature_anonymous_401" time="0.130" /><testcase classname="backend.tests.test_inlimbo_api.TestCloudinary" name="test_signature_pending_403" time="0.047" /><testcase classname="backend.tests.test_inlimbo_api.TestCloudinary" name="test_signature_validated_returns_payload" time="0.046" /><testcase classname="backend.tests.test_inlimbo_api.TestAdmin" name="test_queue_requires_admin" time="0.047" /><testcase classname="backend.tests.test_inlimbo_api.TestAdmin" name="test_queue_returns_pending" time="0.408" /><testcase classname="backend.tests.test_inlimbo_api.TestAdmin" name="test_approve_pending_new_org_user_validates_org" time="0.060"><skipped type="pytest.skip" message="tom@deschakel already approved in a previous run">/app/backend/tests/test_inlimbo_api.py:269: tom@deschakel already approved in a previous run</skipped></testcase><testcase classname="backend.tests.test_inlimbo_api.TestAdmin" name="test_update_me_email_uniqueness" time="0.187" /></testsuite></testsuites>