<?xml version="1.0" encoding="utf-8"?><testsuites name="pytest tests"><testsuite name="pytest" errors="0" failures="0" skipped="0" tests="21" time="3.614" timestamp="2026-05-26T22:24:44.982986+00:00" hostname="agent-env-5dd5afb3-8c1f-4375-8908-0ade9b2f207d"><testcase classname="backend.tests.test_phase2_applications.TestApply" name="test_apply_own_org_forbidden" time="0.898" /><testcase classname="backend.tests.test_phase2_applications.TestApply" name="test_apply_recurrent_forbidden" time="0.054" /><testcase classname="backend.tests.test_phase2_applications.TestApply" name="test_apply_existing_open_conflict_then_withdraw_then_reapply" time="0.258" /><testcase classname="backend.tests.test_phase2_applications.TestApply" name="test_apply_anonymous_401" time="0.110" /><testcase classname="backend.tests.test_phase2_applications.TestApply" name="test_apply_pending_user_403" time="0.402" /><testcase classname="backend.tests.test_phase2_applications.TestApplicationsLists" name="test_my_applications_embedded" time="0.050" /><testcase classname="backend.tests.test_phase2_applications.TestApplicationsLists" name="test_owner_sees_applications_no_email_yet" time="0.054" /><testcase classname="backend.tests.test_phase2_applications.TestApplicationsLists" name="test_non_owner_forbidden" time="0.056" /><testcase classname="backend.tests.test_phase2_applications.TestTransitions" name="test_select_and_contact_visibility" time="0.321" /><testcase classname="backend.tests.test_phase2_applications.TestTransitions" name="test_select_when_not_beschikbaar_400" time="0.049" /><testcase classname="backend.tests.test_phase2_applications.TestTransitions" name="test_withdraw_selected_forbidden" time="0.053" /><testcase classname="backend.tests.test_phase2_applications.TestTransitions" name="test_unselect_back_to_beschikbaar" time="0.120" /><testcase classname="backend.tests.test_phase2_applications.TestTransitions" name="test_unselect_when_not_in_afwachting_400" time="0.047" /><testcase classname="backend.tests.test_phase2_applications.TestTransitions" name="test_mark_rehomed_and_unrehome" time="0.301" /><testcase classname="backend.tests.test_phase2_applications.TestTransitions" name="test_unrehome_when_not_herbestemd_400" time="0.046" /><testcase classname="backend.tests.test_phase2_applications.TestTransitions" name="test_select_forbidden_for_non_owner" time="0.048" /><testcase classname="backend.tests.test_phase2_applications.TestTransitions" name="test_mark_rehomed_forbidden_for_non_owner" time="0.050" /><testcase classname="backend.tests.test_phase2_applications.TestWithdraw" name="test_withdraw_by_other_user_forbidden" time="0.053" /><testcase classname="backend.tests.test_phase2_applications.TestPlaceInWarehouse" name="test_admin_can_place_in_warehouse" time="0.476" /><testcase classname="backend.tests.test_phase2_applications.TestPlaceInWarehouse" name="test_normal_user_place_in_warehouse_ignored" time="0.049" /><testcase classname="backend.tests.test_phase2_applications" name="test_zz_restore_seed_state" time="0.052" /></testsuite></testsuites>